<?xml version="1.0" encoding="UTF-8"?>
<!-- Generated by org.testng.reporters.JUnitReportReporter -->
<testsuite skipped="0" hostname="DESKTOP-LEFU94L" name="com.test.assignment.APITest.GetCountryTestCases" tests="5" failures="0" timestamp="09 Jul 2018 19:06:18 GMT" time="2.935" errors="0">
  <testcase name="getAllCountryDetails" time="1.089" classname="com.test.assignment.APITest.GetCountryTestCases"/>
  <testcase name="getUSACountryDetails" time="0.458" classname="com.test.assignment.APITest.GetCountryTestCases"/>
  <testcase name="getDECountryDetails" time="0.455" classname="com.test.assignment.APITest.GetCountryTestCases"/>
  <testcase name="getGBCountryDetails" time="0.481" classname="com.test.assignment.APITest.GetCountryTestCases"/>
  <testcase name="inexistingCountryTest" time="0.452" classname="com.test.assignment.APITest.GetCountryTestCases"/>
</testsuite> <!-- com.test.assignment.APITest.GetCountryTestCases -->
